2025-01-12 11:14:00 | WARN | repo=course-sys-int-systems-exam | action=commit
2025-10-21 18:35:00 | INFO | repo=course-sys-int-systems-exam | action=commit
2025-09-22 07:28:00 | DEBUG | repo=course-sys-int-systems-exam | action=commit
2025-08-22 20:42:00 | INFO | repo=course-sys-int-systems-exam | action=commit
2025-11-05 08:02:00 | WARN | repo=course-sys-int-systems-exam | action=commit
2025-08-24 07:35:00 | DEBUG | repo=course-sys-int-systems-exam | action=edit | files=3
2025-01-09 12:20:00 | DEBUG | repo=course-sys-int-systems-exam | action=commit
2025-02-14 12:15:00 | DEBUG | repo=course-sys-int-systems-exam | action=test | passed=true
2025-01-14 20:55:00 | WARN | repo=course-sys-int-systems-exam | action=commit
2025-05-25 17:26:00 | INFO | repo=course-sys-int-systems-exam | action=commit
2025-10-16 19:23:00 | WARN | repo=course-sys-int-systems-exam | action=commit
2025-10-26 15:22:00 | WARN | repo=course-sys-int-systems-exam | action=commit
2025-09-13 08:34:00 | DEBUG | repo=course-sys-int-systems-exam | action=test | passed=true
2025-11-14 15:09:00 | WARN | repo=course-sys-int-systems-exam | action=commit
2025-06-14 18:42:00 | DEBUG | repo=course-sys-int-systems-exam | action=commit
2025-04-21 09:49:00 | DEBUG | repo=course-sys-int-systems-exam | action=commit
2025-05-22 07:41:00 | DEBUG | repo=course-sys-int-systems-exam | action=test | passed=true
2025-12-24 14:22:00 | WARN | repo=course-sys-int-systems-exam | action=edit | files=4
2025-03-20 20:39:00 | INFO | repo=course-sys-int-systems-exam | action=commit
2025-02-02 18:45:00 | INFO | repo=course-sys-int-systems-exam | action=commit
2025-02-20 08:18:00 | INFO | repo=course-sys-int-systems-exam | action=commit
2025-11-14 19:51:00 | WARN | repo=course-sys-int-systems-exam | action=commit
2025-06-02 19:23:00 | DEBUG | repo=course-sys-int-systems-exam | action=commit
2025-01-28 09:46:00 | INFO | repo=course-sys-int-systems-exam | action=commit
2025-11-01 13:48:00 | WARN | repo=course-sys-int-systems-exam | action=commit
2025-03-11 15:58:00 | INFO | repo=course-sys-int-systems-exam | action=commit
2025-05-19 18:19:00 | INFO | repo=course-sys-int-systems-exam | action=commit
2025-11-03 07:51:00 | WARN | repo=course-sys-int-systems-exam | action=commit
2025-10-28 07:43:00 | WARN | repo=course-sys-int-systems-exam | action=commit
2025-02-06 20:26:00 | DEBUG | repo=course-sys-int-systems-exam | action=commit
2025-01-09 13:31:00 | DEBUG | repo=course-sys-int-systems-exam | action=commit
2025-11-19 09:41:00 | WARN | repo=course-sys-int-systems-exam | action=commit
2025-01-09 09:31:00 | WARN | repo=course-sys-int-systems-exam | action=commit
2025-09-09 09:27:00 | DEBUG | repo=course-sys-int-systems-exam | action=commit
2025-07-18 19:53:00 | WARN | repo=course-sys-int-systems-exam | action=commit
2025-09-14 18:19:00 | DEBUG | repo=course-sys-int-systems-exam | action=test | passed=true
2025-08-16 13:41:00 | WARN | repo=course-sys-int-systems-exam | action=commit
2025-04-07 14:33:00 | DEBUG | repo=course-sys-int-systems-exam | action=commit
2025-08-19 18:29:00 | WARN | repo=course-sys-int-systems-exam | action=commit
2025-02-04 09:23:00 | DEBUG | repo=course-sys-int-systems-exam | action=commit
2025-01-18 19:14:00 | WARN | repo=course-sys-int-systems-exam | action=commit
2025-02-25 14:20:00 | DEBUG | repo=course-sys-int-systems-exam | action=test | passed=true
2025-06-23 20:16:00 | INFO | repo=course-sys-int-systems-exam | action=commit
2025-04-05 07:51:00 | DEBUG | repo=course-sys-int-systems-exam | action=commit
2025-09-05 20:10:00 | WARN | repo=course-sys-int-systems-exam | action=commit
2025-08-08 20:28:00 | WARN | repo=course-sys-int-systems-exam | action=edit | files=3
2025-10-24 15:33:00 | DEBUG | repo=course-sys-int-systems-exam | action=commit
2025-04-13 11:38:00 | INFO | repo=course-sys-int-systems-exam | action=commit
2025-07-26 20:19:00 | WARN | repo=course-sys-int-systems-exam | action=commit
2025-03-18 20:34:00 | WARN | repo=course-sys-int-systems-exam | action=commit
2025-07-17 17:18:00 | WARN | repo=course-sys-int-systems-exam | action=commit
2025-07-23 14:03:00 | WARN | repo=course-sys-int-systems-exam | action=commit
2025-12-16 10:37:00 | WARN | repo=course-sys-int-systems-exam | action=commit
2025-10-19 10:50:00 | WARN | repo=course-sys-int-systems-exam | action=commit
2025-09-18 09:43:00 | DEBUG | repo=course-sys-int-systems-exam | action=commit
2025-05-02 09:09:00 | WARN | repo=course-sys-int-systems-exam | action=commit
2025-06-26 18:36:00 | WARN | repo=course-sys-int-systems-exam | action=commit
